<?xml version="1.0" encoding="UTF-8"?>
<!-- Generated by org.testng.reporters.JUnitXMLReporter -->
<testsuite ignored="2" hostname="DESKTOP-JOCDJ6C" failures="0" tests="6" name="Test" time="25.783" errors="0" timestamp="2022-10-18T17:13:25 IST">
  <testcase classname="test_case.Test_Case01" name="verifybankguru99LogoTC" time="0.245"/>
  <testcase classname="test_case.Test_Case01" name="loginTest01" time="0.985"/>
  <testcase classname="test_case.Test_Case01" name="loginTest02" time="3.912"/>
  <testcase classname="test_case.Test_Case01" name="loginTest03" time="3.337"/>
  <testcase classname="test_case.Test_Case01" name="reset" time="2.186"/>
  <testcase classname="test_case.Test_Case01" name="loginTest" time="3.034"/>
  <testcase classname="test_base.Test_Base" name="@AfterTest closeTheBrowser" time="0.0">
    <ignored/>
  </testcase> <!-- @AfterTest closeTheBrowser -->
  <testcase classname="test_base.Test_Base" name="@BeforeTest setUp" time="0.0">
    <ignored/>
  </testcase> <!-- @BeforeTest setUp -->
</testsuite> <!-- Test -->
