<?xml version="1.0" encoding="UTF-8"?>
<!-- Generated by org.testng.reporters.JUnitXMLReporter -->
<testsuite ignored="0" hostname="DESKTOP-JOCDJ6C" failures="0" tests="6" name="Default test" time="31.251" errors="0" timestamp="2022-10-18T22:18:44 IST">
  <testcase classname="test_case.Test_Case01" name="verifybankguru99LogoTC" time="0.178"/>
  <testcase classname="test_case.Test_Case01" name="loginTest01" time="1.325"/>
  <testcase classname="test_case.Test_Case01" name="loginTest02" time="9.566"/>
  <testcase classname="test_case.Test_Case01" name="loginTest03" time="3.152"/>
  <testcase classname="test_case.Test_Case01" name="reset" time="4.26"/>
  <testcase classname="test_case.Test_Case01" name="loginTest" time="3.519"/>
</testsuite> <!-- Default test -->
