<?xml version="1.0" encoding="UTF-8"?>
<testng-results ignored="0" total="6" passed="6" failed="0" skipped="0">
  <reporter-output>
  </reporter-output>
  <suite started-at="2022-10-18T22:18:13 IST" name="Default suite" finished-at="2022-10-18T22:18:44 IST" duration-ms="31251">
    <groups>
    </groups>
    <test started-at="2022-10-18T22:18:13 IST" name="Default test" finished-at="2022-10-18T22:18:44 IST" duration-ms="31251">
      <class name="test_case.Test_Case01">
        <test-method is-config="true" signature="setUp(java.lang.String,java.lang.String)[pri:0, instance:test_case.Test_Case01@48f278eb]" started-at="2022-10-18T22:18:13 IST" name="setUp" finished-at="2022-10-18T22:18:22 IST" duration-ms="8768" status="PASS">
          <params>
            <param index="0">
              <value>
                <![CDATA[chrome]]>
              </value>
            </param>
            <param index="1">
              <value>
                <![CDATA[https://demo.guru99.com/v4/index.php]]>
              </value>
            </param>
          </params>
          <reporter-output>
          </reporter-output>
        </test-method> <!-- setUp -->
        <test-method signature="verifybankguru99LogoTC()[pri:1, instance:test_case.Test_Case01@48f278eb]" started-at="2022-10-18T22:18:22 IST" name="verifybankguru99LogoTC" finished-at="2022-10-18T22:18:22 IST" duration-ms="178" status="PASS">
          <reporter-output>
          </reporter-output>
        </test-method> <!-- verifybankguru99LogoTC -->
        <test-method signature="loginTest01()[pri:2, instance:test_case.Test_Case01@48f278eb]" started-at="2022-10-18T22:18:22 IST" name="loginTest01" finished-at="2022-10-18T22:18:23 IST" duration-ms="1325" status="PASS">
          <reporter-output>
          </reporter-output>
        </test-method> <!-- loginTest01 -->
        <test-method signature="loginTest02()[pri:3, instance:test_case.Test_Case01@48f278eb]" started-at="2022-10-18T22:18:23 IST" name="loginTest02" finished-at="2022-10-18T22:18:33 IST" duration-ms="9566" status="PASS">
          <reporter-output>
          </reporter-output>
        </test-method> <!-- loginTest02 -->
        <test-method signature="loginTest03()[pri:4, instance:test_case.Test_Case01@48f278eb]" started-at="2022-10-18T22:18:33 IST" name="loginTest03" finished-at="2022-10-18T22:18:36 IST" duration-ms="3152" status="PASS">
          <reporter-output>
          </reporter-output>
        </test-method> <!-- loginTest03 -->
        <test-method signature="reset()[pri:5, instance:test_case.Test_Case01@48f278eb]" started-at="2022-10-18T22:18:36 IST" name="reset" finished-at="2022-10-18T22:18:40 IST" duration-ms="4260" status="PASS">
          <reporter-output>
          </reporter-output>
        </test-method> <!-- reset -->
        <test-method signature="loginTest()[pri:6, instance:test_case.Test_Case01@48f278eb]" started-at="2022-10-18T22:18:40 IST" name="loginTest" finished-at="2022-10-18T22:18:44 IST" duration-ms="3519" status="PASS">
          <reporter-output>
          </reporter-output>
        </test-method> <!-- loginTest -->
        <test-method is-config="true" signature="closeTheBrowser()[pri:0, instance:test_case.Test_Case01@48f278eb]" started-at="2022-10-18T22:18:44 IST" name="closeTheBrowser" finished-at="2022-10-18T22:18:44 IST" duration-ms="393" status="PASS">
          <reporter-output>
          </reporter-output>
        </test-method> <!-- closeTheBrowser -->
      </class> <!-- test_case.Test_Case01 -->
    </test> <!-- Default test -->
  </suite> <!-- Default suite -->
</testng-results>
