<?xml version="1.0" encoding="UTF-8"?>
<testng-results ignored="0" total="2" passed="2" failed="0" skipped="0">
  <reporter-output>
  </reporter-output>
  <suite started-at="2022-10-19T00:03:11 IST" name="Default suite" finished-at="2022-10-19T00:03:37 IST" duration-ms="25467">
    <groups>
    </groups>
    <test started-at="2022-10-19T00:03:11 IST" name="Default test" finished-at="2022-10-19T00:03:37 IST" duration-ms="25467">
      <class name="test_case.Test_Case02">
        <test-method is-config="true" signature="setUp(java.lang.String,java.lang.String)[pri:0, instance:test_case.Test_Case02@3b6ddd1d]" started-at="2022-10-19T00:03:11 IST" name="setUp" finished-at="2022-10-19T00:03:32 IST" duration-ms="20658" status="PASS">
          <params>
            <param index="0">
              <value>
                <![CDATA[chrome]]>
              </value>
            </param>
            <param index="1">
              <value>
                <![CDATA[https://demo.guru99.com/v4/index.php]]>
              </value>
            </param>
          </params>
          <reporter-output>
          </reporter-output>
        </test-method> <!-- setUp -->
        <test-method signature="verifybankguru99LogoTC()[pri:1, instance:test_case.Test_Case02@3b6ddd1d]" started-at="2022-10-19T00:03:32 IST" name="verifybankguru99LogoTC" finished-at="2022-10-19T00:03:32 IST" duration-ms="133" status="PASS">
          <reporter-output>
          </reporter-output>
        </test-method> <!-- verifybankguru99LogoTC -->
        <test-method signature="loginTest()[pri:2, instance:test_case.Test_Case02@3b6ddd1d]" started-at="2022-10-19T00:03:32 IST" name="loginTest" finished-at="2022-10-19T00:03:36 IST" duration-ms="4262" status="PASS">
          <reporter-output>
          </reporter-output>
        </test-method> <!-- loginTest -->
        <test-method is-config="true" signature="closeTheBrowser()[pri:0, instance:test_case.Test_Case02@3b6ddd1d]" started-at="2022-10-19T00:03:36 IST" name="closeTheBrowser" finished-at="2022-10-19T00:03:37 IST" duration-ms="331" status="PASS">
          <reporter-output>
          </reporter-output>
        </test-method> <!-- closeTheBrowser -->
      </class> <!-- test_case.Test_Case02 -->
    </test> <!-- Default test -->
  </suite> <!-- Default suite -->
</testng-results>
